
[2026-02-28 17:58:02] SUCCESS - Email: admin@admin.com - IP: ::1
[2026-03-06 00:17:24] SUCCESS - Email: admin@admin.com - IP: ::1
[2026-03-11 23:21:47] SUCCESS - Email: admin@admin.com - IP: ::1
[2026-03-12 01:24:19] SUCCESS - Email: admin@admin.com - IP: ::1
[2026-04-21 22:09:56] SUCCESS - Email: admin@admin.com - IP: ::1
[2026-04-21 22:13:25] FAILED - Email: tadeo.ramirez.950208@gmail.com - IP: ::1
[2026-04-21 22:14:32] SUCCESS - Email: admin@admin.com - IP: ::1
[2026-04-21 22:18:32] FAILED - Email: admin@gmail.com - IP: ::1
[2026-04-21 22:18:42] FAILED - Email: admin@gmail.com - IP: ::1
[2026-04-21 22:19:12] FAILED - Email: admin@gmail.com - IP: ::1
[2026-04-21 22:19:37] SUCCESS - Email: admin@admin.com - IP: ::1
[2026-04-21 22:50:32] SUCCESS - Email: admin@admin.com - IP: ::1
[2026-04-21 23:03:55] SUCCESS - Email: admin@admin.com - IP: ::1
[2026-04-22 14:56:54] SUCCESS - Email: admin@admin.com - IP: ::1
[2026-04-22 15:21:17] SUCCESS - Email: admin@admin.com - IP: ::1
[2026-04-22 15:21:19] SUCCESS - Email: admin@admin.com - IP: ::1
[2026-04-22 16:06:23] FAILED - Email: admin@admin.com - IP: ::1
[2026-04-22 16:06:41] SUCCESS - Email: admin@admin.com - IP: ::1
[2026-04-22 21:19:30] SUCCESS - Email: admin@admin.com - IP: ::1
[2026-04-22 21:52:42] SUCCESS - Email: admin@admin.com - IP: ::1
[2026-04-24 01:33:02] SUCCESS - Email: admin@admin.com - IP: ::1
[2026-04-24 01:34:55] SUCCESS - Email: gabaglio@gmail.com - IP: ::1
